<?xml version="1.0" encoding="UTF-8"?>
<testng-results ignored="0" total="3" passed="3" failed="0" skipped="0">
  <reporter-output>
  </reporter-output>
  <suite started-at="2021-09-21T11:23:49Z" name="Default suite" finished-at="2021-09-21T11:23:49Z" duration-ms="60">
    <groups>
    </groups>
    <test started-at="2021-09-21T11:23:49Z" name="Default test" finished-at="2021-09-21T11:23:49Z" duration-ms="60">
      <class name="Comcast.contact_Test.contact">
        <test-method signature="createContactTest()[pri:0, instance:Comcast.contact_Test.contact@3eb81efb]" started-at="2021-09-21T11:23:49Z" name="createContactTest" finished-at="2021-09-21T11:23:49Z" duration-ms="14" status="PASS">
          <reporter-output>
          </reporter-output>
        </test-method> <!-- createContactTest -->
        <test-method signature="createContactwithOrgTest()[pri:0, instance:Comcast.contact_Test.contact@3eb81efb]" started-at="2021-09-21T11:23:49Z" name="createContactwithOrgTest" finished-at="2021-09-21T11:23:49Z" duration-ms="2" status="PASS">
          <reporter-output>
          </reporter-output>
        </test-method> <!-- createContactwithOrgTest -->
        <test-method signature="deleteContactTest()[pri:0, instance:Comcast.contact_Test.contact@3eb81efb]" started-at="2021-09-21T11:23:49Z" name="deleteContactTest" finished-at="2021-09-21T11:23:49Z" duration-ms="2" status="PASS">
          <reporter-output>
          </reporter-output>
        </test-method> <!-- deleteContactTest -->
      </class> <!-- Comcast.contact_Test.contact -->
    </test> <!-- Default test -->
  </suite> <!-- Default suite -->
</testng-results>
