<?xml version="1.0" encoding="UTF-8"?>
<!-- Generated by org.testng.reporters.JUnitXMLReporter -->
<testsuite ignored="0" hostname="SHOBHA-PC" failures="0" tests="3" name="Default test" time="0.06" errors="0" timestamp="21 Sep 2021 11:23:49 GMT">
  <testcase classname="Comcast.contact_Test.contact" name="createContactTest" time="0.014"/>
  <testcase classname="Comcast.contact_Test.contact" name="createContactwithOrgTest" time="0.002"/>
  <testcase classname="Comcast.contact_Test.contact" name="deleteContactTest" time="0.002"/>
</testsuite> <!-- Default test -->
